<?xml version="1.0" encoding="UTF-8"?>
<testng-results ignored="0" total="3" passed="3" failed="0" skipped="0">
  <reporter-output>
    <line>
      <![CDATA[Test executing on Chrome]]>
    </line>
    <line>
      <![CDATA[Test executing on Chrome]]>
    </line>
    <line>
      <![CDATA[Test executing on Chrome]]>
    </line>
    <line>
      <![CDATA[Driver session established with server]]>
    </line>
    <line>
      <![CDATA[Driver session established with server]]>
    </line>
    <line>
      <![CDATA[Driver session established with server]]>
    </line>
    <line>
      <![CDATA[Test executing from amazon application]]>
    </line>
    <line>
      <![CDATA[Test executing from amazon application]]>
    </line>
    <line>
      <![CDATA[Test executing from amazon application]]>
    </line>
    <line>
      <![CDATA[Test execution on Chrome completed]]>
    </line>
    <line>
      <![CDATA[Test execution on Chrome completed]]>
    </line>
    <line>
      <![CDATA[Test execution on Chrome completed]]>
    </line>
  </reporter-output>
  <suite started-at="2024-05-10T12:43:10 IST" name="Suite" finished-at="2024-05-10T12:44:15 IST" duration-ms="64943">
    <groups>
    </groups>
    <test started-at="2024-05-10T12:43:10 IST" name="Test1" finished-at="2024-05-10T12:44:10 IST" duration-ms="60289">
      <class name="Assignment.CrossBrowserTest">
        <test-method signature="browserTest(java.lang.String)[pri:0, instance:Assignment.CrossBrowserTest@3e11f9e9]" started-at="2024-05-10T12:43:10 IST" name="browserTest" finished-at="2024-05-10T12:44:10 IST" duration-ms="59978" status="PASS">
          <params>
            <param index="0">
              <value>
                <![CDATA[Chrome]]>
              </value>
            </param>
          </params>
          <reporter-output>
            <line>
              <![CDATA[Test executing on Chrome]]>
            </line>
            <line>
              <![CDATA[Driver session established with server]]>
            </line>
            <line>
              <![CDATA[Test executing from amazon application]]>
            </line>
            <line>
              <![CDATA[Test execution on Chrome completed]]>
            </line>
          </reporter-output>
        </test-method> <!-- browserTest -->
      </class> <!-- Assignment.CrossBrowserTest -->
    </test> <!-- Test1 -->
    <test started-at="2024-05-10T12:43:10 IST" name="Test2" finished-at="2024-05-10T12:44:13 IST" duration-ms="62854">
      <class name="Assignment.CrossBrowserTest">
        <test-method signature="browserTest(java.lang.String)[pri:0, instance:Assignment.CrossBrowserTest@368247b9]" started-at="2024-05-10T12:43:10 IST" name="browserTest" finished-at="2024-05-10T12:44:13 IST" duration-ms="62781" status="PASS">
          <params>
            <param index="0">
              <value>
                <![CDATA[Edge]]>
              </value>
            </param>
          </params>
          <reporter-output>
            <line>
              <![CDATA[Test executing on Chrome]]>
            </line>
            <line>
              <![CDATA[Driver session established with server]]>
            </line>
            <line>
              <![CDATA[Test executing from amazon application]]>
            </line>
            <line>
              <![CDATA[Test execution on Chrome completed]]>
            </line>
          </reporter-output>
        </test-method> <!-- browserTest -->
      </class> <!-- Assignment.CrossBrowserTest -->
    </test> <!-- Test2 -->
    <test started-at="2024-05-10T12:43:10 IST" name="Test3" finished-at="2024-05-10T12:44:15 IST" duration-ms="64943">
      <class name="Assignment.CrossBrowserTest">
        <test-method signature="browserTest(java.lang.String)[pri:0, instance:Assignment.CrossBrowserTest@55a147cc]" started-at="2024-05-10T12:43:10 IST" name="browserTest" finished-at="2024-05-10T12:44:15 IST" duration-ms="64871" status="PASS">
          <params>
            <param index="0">
              <value>
                <![CDATA[Firefox]]>
              </value>
            </param>
          </params>
          <reporter-output>
            <line>
              <![CDATA[Test executing on Chrome]]>
            </line>
            <line>
              <![CDATA[Driver session established with server]]>
            </line>
            <line>
              <![CDATA[Test executing from amazon application]]>
            </line>
            <line>
              <![CDATA[Test execution on Chrome completed]]>
            </line>
          </reporter-output>
        </test-method> <!-- browserTest -->
      </class> <!-- Assignment.CrossBrowserTest -->
    </test> <!-- Test3 -->
  </suite> <!-- Suite -->
</testng-results>
